<?xml version="1.0" encoding="UTF-8"?>
<!-- Generated by org.testng.reporters.JUnitReportReporter -->
<testsuite hostname="ARUN" failures="0" tests="2" name="ui.LogintTest" time="0.004" errors="0" timestamp="2024-02-25T19:07:07 EST" skipped="0">
  <testcase classname="ui.LogintTest" name="aTest2" time="0.003"/>
  <system-out/>
  <testcase classname="ui.LogintTest" name="aTest1" time="0.001"/>
  <system-out/>
</testsuite> <!-- ui.LogintTest -->
