<?xml version="1.0" encoding="UTF-8"?>
<!-- Generated by org.testng.reporters.JUnitReportReporter -->
<testsuite hostname="ARUN" failures="0" tests="1" name="ui.AssertionVerifyTitleTest" time="4.739" errors="0" timestamp="2024-02-25T19:07:07 EST" skipped="0">
  <testcase classname="ui.AssertionVerifyTitleTest" name="titleTest" time="4.739"/>
  <system-out/>
</testsuite> <!-- ui.AssertionVerifyTitleTest -->
