<?xml version="1.0" encoding="UTF-8"?>
<!-- Generated by org.testng.reporters.JUnitReportReporter -->
<testsuite hostname="ARUN" failures="0" tests="1" name="ui.VerifyTitleTest" time="3.223" errors="0" timestamp="2024-02-22T12:12:20 EST" skipped="0">
  <testcase classname="ui.VerifyTitleTest" name="titleTest" time="3.223"/>
  <system-out/>
</testsuite> <!-- ui.VerifyTitleTest -->
