<?xml version="1.0" encoding="UTF-8"?>
<!-- Generated by org.testng.reporters.JUnitReportReporter -->
<testsuite hostname="ARUN" failures="0" tests="3" name="ui.SkipTestcase" time="0.014" errors="0" timestamp="2024-02-25T09:17:44 EST" skipped="3">
  <testcase classname="ui.SkipTestcase" name="skiptest3" time="0.001">
    <skipped/>
  </testcase> <!-- skiptest3 -->
  <system-out/>
  <testcase classname="ui.SkipTestcase" name="skiptest2" time="0.013">
    <skipped/>
  </testcase> <!-- skiptest2 -->
  <system-out/>
  <testcase classname="ui.SkipTestcase" name="skiptest1">
    <skipped/>
  </testcase> <!-- skiptest1 -->
  <system-out/>
</testsuite> <!-- ui.SkipTestcase -->
