<?xml version="1.0" encoding="UTF-8"?>
<!-- Generated by org.testng.reporters.JUnitReportReporter -->
<testsuite hostname="ARUN" failures="0" tests="9" name="ui.DataproviderTest" time="0.011" errors="0" timestamp="2024-02-26T17:22:47 EST" skipped="0">
  <testcase classname="ui.DataproviderTest" name="test1" time="0.000"/>
  <system-out/>
  <testcase classname="ui.DataproviderTest" name="test" time="0.004"/>
  <system-out/>
  <testcase classname="ui.DataproviderTest" name="test2" time="0.001"/>
  <system-out/>
  <testcase classname="ui.DataproviderTest" name="test1" time="0.001"/>
  <system-out/>
  <testcase classname="ui.DataproviderTest" name="test1" time="0.001"/>
  <system-out/>
  <testcase classname="ui.DataproviderTest" name="test" time="0.001"/>
  <system-out/>
  <testcase classname="ui.DataproviderTest" name="test2" time="0.000"/>
  <system-out/>
  <testcase classname="ui.DataproviderTest" name="test" time="0.001"/>
  <system-out/>
  <testcase classname="ui.DataproviderTest" name="test2" time="0.002"/>
  <system-out/>
</testsuite> <!-- ui.DataproviderTest -->
