<?xml version="1.0" encoding="UTF-8"?>
<!-- Generated by org.testng.reporters.JUnitReportReporter -->
<testsuite hostname="ARUN" failures="0" tests="5" name="ui.Grouping2TCbyClasslLevelandMethodLevel2" time="0.007" errors="0" timestamp="2024-02-25T19:07:07 EST" skipped="0">
  <testcase classname="ui.Grouping2TCbyClasslLevelandMethodLevel2" name="aTest1" time="0.001"/>
  <system-out/>
  <testcase classname="ui.Grouping2TCbyClasslLevelandMethodLevel2" name="aTest2" time="0.001"/>
  <system-out/>
  <testcase classname="ui.Grouping2TCbyClasslLevelandMethodLevel2" name="aTest3" time="0.002"/>
  <system-out/>
  <testcase classname="ui.Grouping2TCbyClasslLevelandMethodLevel2" name="aTest4" time="0.002"/>
  <system-out/>
  <testcase classname="ui.Grouping2TCbyClasslLevelandMethodLevel2" name="aTest5" time="0.001"/>
  <system-out/>
</testsuite> <!-- ui.Grouping2TCbyClasslLevelandMethodLevel2 -->
