<?xml version="1.0" encoding="UTF-8"?>
<!-- Generated by org.testng.reporters.JUnitReportReporter -->
<testsuite hostname="ARUN" failures="0" tests="1" name="ui.LoginBrowserIfElseTest" time="10.960" errors="0" timestamp="2024-02-27T09:27:58 EST" skipped="0">
  <testcase classname="ui.LoginBrowserIfElseTest" name="launchApplication" time="10.960"/>
  <system-out/>
</testsuite> <!-- ui.LoginBrowserIfElseTest -->
