<?xml version="1.0" encoding="UTF-8"?>
<!-- Generated by org.testng.reporters.JUnitReportReporter -->
<testsuite hostname="ARUN" failures="0" tests="4" name="ui.DataproviderDataDrivenTest2" time="15.915" errors="0" timestamp="2024-02-26T09:13:21 EST" skipped="0">
  <testcase classname="ui.DataproviderDataDrivenTest2" name="test1" time="4.642"/>
  <system-out/>
  <testcase classname="ui.DataproviderDataDrivenTest2" name="test1" time="2.048"/>
  <system-out/>
  <testcase classname="ui.DataproviderDataDrivenTest2" name="test1" time="2.102"/>
  <system-out/>
  <testcase classname="ui.DataproviderDataDrivenTest2" name="test1" time="7.123"/>
  <system-out/>
</testsuite> <!-- ui.DataproviderDataDrivenTest2 -->
